Release 10.1.03 - xst K.39 (lin)
Copyright (c) 1995-2008 Xilinx, Inc.  All rights reserved.
--> 

TABLE OF CONTENTS
  1) Synthesis Options Summary
  2) HDL Compilation
  3) Design Hierarchy Analysis
  4) HDL Analysis
  5) HDL Synthesis
     5.1) HDL Synthesis Report
  6) Advanced HDL Synthesis
     6.1) Advanced HDL Synthesis Report
  7) Low Level Synthesis
  8) Partition Report
  9) Final Report
     9.1) Device utilization summary
     9.2) Partition Resource Summary
     9.3) TIMING REPORT


=========================================================================
*                      Synthesis Options Summary                        *
=========================================================================
---- Source Parameters
Input File Name                    : "project.src"
Input Format                       : mixed

---- Target Parameters
Target Device                      : xc3s500e-pq208-4
Output File Name                   : "project.ngc"
Output Format                      : NGC

---- Source Options
Top Module Name                    : sram_to_arm

---- General Options
Optimization Goal                  : Speed
Optimization Effort                : 1
Global Optimization                : allclocknets

=========================================================================


=========================================================================
*                          HDL Compilation                              *
=========================================================================
Compiling verilog file "../sram_to_arm.v" in library work
Module <sram_to_arm> compiled
No errors in compilation
Analysis of file <"project.src"> succeeded.
 

=========================================================================
*                     Design Hierarchy Analysis                         *
=========================================================================
Analyzing hierarchy for module <sram_to_arm> in library <work>.


=========================================================================
*                            HDL Analysis                               *
=========================================================================
Analyzing top module <sram_to_arm>.
Module <sram_to_arm> is correct for synthesis.
 

=========================================================================
*                           HDL Synthesis                               *
=========================================================================

Performing bidirectional port resolution...

Synthesizing Unit <sram_to_arm>.
    Related source file is "../sram_to_arm.v".
    Found 8-bit tristate buffer for signal <ARM_D>.
    Found 8-bit tristate buffer for signal <SRAM_D>.
    Summary:
	inferred  16 Tristate(s).
Unit <sram_to_arm> synthesized.


=========================================================================
HDL Synthesis Report

Macro Statistics
# Tristates                                            : 2
 8-bit tristate buffer                                 : 2

=========================================================================

=========================================================================
*                       Advanced HDL Synthesis                          *
=========================================================================

Loading device for application Rf_Device from file '3s500e.nph' in environment /opt/Xilinx/10.1/ISE.

=========================================================================
Advanced HDL Synthesis Report

Found no macro
=========================================================================

=========================================================================
*                         Low Level Synthesis                           *
=========================================================================

Optimizing unit <sram_to_arm> ...

Mapping all equations...
Building and optimizing final netlist ...

Final Macro Processing ...

=========================================================================
Final Register Report

Found no macro
=========================================================================

=========================================================================
*                           Partition Report                             *
=========================================================================

Partition Implementation Status
-------------------------------

  No Partitions were found in this design.

-------------------------------

=========================================================================
*                            Final Report                               *
=========================================================================
Final Results
Top Level Output File Name         : project.ngc
Output Format                      : NGC
Optimization Goal                  : Speed
Keep Hierarchy                     : no

Design Statistics
# IOs                              : 60

Cell Usage :
# BELS                             : 2
#      LUT2                        : 2
# IO Buffers                       : 60
#      IBUF                        : 22
#      IOBUF                       : 16
#      OBUF                        : 22
=========================================================================

Device utilization summary:
---------------------------

Selected Device : 3s500epq208-4 

 Number of Slices:                        1  out of   4656     0%  
 Number of 4 input LUTs:                  2  out of   9312     0%  
 Number of IOs:                          60
 Number of bonded IOBs:                  60  out of    158    37%  

---------------------------
Partition Resource Summary:
---------------------------

  No Partitions were found in this design.

---------------------------


=========================================================================
TIMING REPORT

NOTE: THESE TIMING NUMBERS ARE ONLY A SYNTHESIS ESTIMATE.
      FOR ACCURATE TIMING INFORMATION PLEASE REFER TO THE TRACE REPORT
      GENERATED AFTER PLACE-and-ROUTE.

Clock Information:
------------------
No clock signals found in this design

Asynchronous Control Signals Information:
----------------------------------------
No asynchronous control signals found in this design

Timing Summary:
---------------
Speed Grade: -4

   Minimum period: No path found
   Minimum input arrival time before clock: No path found
   Maximum output required time after clock: No path found
   Maximum combinational path delay: 6.573ns

Timing Detail:
--------------
All values displayed in nanoseconds (ns)

=========================================================================
Timing constraint: Default path analysis
  Total number of paths / destination ports: 70 / 38
-------------------------------------------------------------------------
Delay:               6.573ns (Levels of Logic = 3)
  Source:            ARM_nWE (PAD)
  Destination:       SRAM_D<7> (PAD)

  Data Path: ARM_nWE to SRAM_D<7>
                                Gate     Net
    Cell:in->out      fanout   Delay   Delay  Logical Name (Net Name)
    ----------------------------------------  ------------
     IBUF:I->O             2   1.218   0.622  ARM_nWE_IBUF (SRAM_nWE_OBUF)
     LUT2:I0->O            8   0.704   0.757  SRAM_D_and0000_inv1 (SRAM_D_and0000_inv)
     IOBUF:T->IO               3.272          SRAM_D_7_IOBUF (SRAM_D<7>)
    ----------------------------------------
    Total                      6.573ns (5.194ns logic, 1.379ns route)
                                       (79.0% logic, 21.0% route)

=========================================================================


Total REAL time to Xst completion: 5.00 secs
Total CPU time to Xst completion: 4.82 secs
 
--> 


Total memory usage is 137316 kilobytes

Number of errors   :    0 (   0 filtered)
Number of warnings :    0 (   0 filtered)
Number of infos    :    0 (   0 filtered)

