--------------------------------------------------------------------------------
Release 10.1.03 Trace  (lin)
Copyright (c) 1995-2008 Xilinx, Inc.  All rights reserved.

/opt/Xilinx/10.1/ISE/bin/lin/unwrapped/trce -v 25 project_r.ncd project.pcf

Design file:              project_r.ncd
Physical constraint file: project.pcf
Device,package,speed:     xc3s500e,pq208,-4 (PRODUCTION 1.27 2008-01-09)
Report level:             verbose report, limited to 25 items per constraint

Environment Variable      Effect 
--------------------      ------ 
NONE                      No environment variables were set
--------------------------------------------------------------------------------

INFO:Timing:2698 - No timing constraints found, doing default enumeration.
INFO:Timing:2752 - To get complete path coverage, use the unconstrained paths 
   option. All paths that are not constrained will be reported in the 
   unconstrained paths section(s) of the report.
INFO:Timing:3339 - The clock-to-out numbers in this timing report are based on 
   a 50 Ohm transmission line loading model.  For the details of this model, 
   and for more information on accounting for different loading conditions, 
   please see the device datasheet.



Data Sheet report:
-----------------
All values displayed in nanoseconds (ns)

Pad to Pad
---------------+---------------+---------+
Source Pad     |Destination Pad|  Delay  |
---------------+---------------+---------+
ARM_A<0>       |SRAM_A<0>      |    7.192|
ARM_A<1>       |SRAM_A<1>      |    6.910|
ARM_A<2>       |SRAM_A<2>      |    7.508|
ARM_A<3>       |SRAM_A<3>      |    7.167|
ARM_A<4>       |SRAM_A<4>      |    7.489|
ARM_A<5>       |SRAM_A<5>      |    8.126|
ARM_A<6>       |SRAM_A<6>      |    6.609|
ARM_A<7>       |SRAM_A<7>      |    8.236|
ARM_A<8>       |SRAM_A<8>      |    8.171|
ARM_A<9>       |SRAM_A<9>      |    7.232|
ARM_A<10>      |SRAM_A<10>     |    7.577|
ARM_A<11>      |SRAM_A<11>     |    7.336|
ARM_A<12>      |SRAM_A<12>     |    7.605|
ARM_A<13>      |SRAM_A<13>     |    7.225|
ARM_A<14>      |SRAM_A<14>     |    7.934|
ARM_A<15>      |SRAM_A<15>     |    7.494|
ARM_A<16>      |SRAM_A<16>     |    8.149|
ARM_A<17>      |SRAM_A<17>     |    7.602|
ARM_A<18>      |SRAM_A<18>     |    6.050|
ARM_D<0>       |SRAM_D<0>      |    7.336|
ARM_D<1>       |SRAM_D<1>      |    7.460|
ARM_D<2>       |SRAM_D<2>      |    7.984|
ARM_D<3>       |SRAM_D<3>      |    7.459|
ARM_D<4>       |SRAM_D<4>      |    5.532|
ARM_D<5>       |SRAM_D<5>      |    5.705|
ARM_D<6>       |SRAM_D<6>      |    5.434|
ARM_D<7>       |SRAM_D<7>      |    5.557|
ARM_nCS        |ARM_D<0>       |    7.941|
ARM_nCS        |ARM_D<1>       |    7.702|
ARM_nCS        |ARM_D<2>       |    7.693|
ARM_nCS        |ARM_D<3>       |    8.198|
ARM_nCS        |ARM_D<4>       |    7.442|
ARM_nCS        |ARM_D<5>       |    8.266|
ARM_nCS        |ARM_D<6>       |    7.693|
ARM_nCS        |ARM_D<7>       |    7.739|
ARM_nCS        |SRAM_D<0>      |   10.710|
ARM_nCS        |SRAM_D<1>      |   11.503|
ARM_nCS        |SRAM_D<2>      |   11.215|
ARM_nCS        |SRAM_D<3>      |   11.473|
ARM_nCS        |SRAM_D<4>      |    8.933|
ARM_nCS        |SRAM_D<5>      |    9.503|
ARM_nCS        |SRAM_D<6>      |    8.665|
ARM_nCS        |SRAM_D<7>      |    9.754|
ARM_nCS        |SRAM_nCS       |    7.585|
ARM_nOE        |ARM_D<0>       |    9.045|
ARM_nOE        |ARM_D<1>       |    8.806|
ARM_nOE        |ARM_D<2>       |    8.797|
ARM_nOE        |ARM_D<3>       |    9.302|
ARM_nOE        |ARM_D<4>       |    8.546|
ARM_nOE        |ARM_D<5>       |    9.370|
ARM_nOE        |ARM_D<6>       |    8.797|
ARM_nOE        |ARM_D<7>       |    8.843|
ARM_nOE        |SRAM_nOE       |    8.700|
ARM_nWE        |SRAM_D<0>      |   12.117|
ARM_nWE        |SRAM_D<1>      |   12.910|
ARM_nWE        |SRAM_D<2>      |   12.622|
ARM_nWE        |SRAM_D<3>      |   12.880|
ARM_nWE        |SRAM_D<4>      |   10.340|
ARM_nWE        |SRAM_D<5>      |   10.910|
ARM_nWE        |SRAM_D<6>      |   10.072|
ARM_nWE        |SRAM_D<7>      |   11.161|
ARM_nWE        |SRAM_nWE       |    8.415|
SRAM_D<0>      |ARM_D<0>       |    6.922|
SRAM_D<1>      |ARM_D<1>       |    7.430|
SRAM_D<2>      |ARM_D<2>       |    7.516|
SRAM_D<3>      |ARM_D<3>       |    7.427|
SRAM_D<4>      |ARM_D<4>       |    5.540|
SRAM_D<5>      |ARM_D<5>       |    6.302|
SRAM_D<6>      |ARM_D<6>       |    5.435|
SRAM_D<7>      |ARM_D<7>       |    5.731|
---------------+---------------+---------+


Analysis completed Wed Jun 10 16:47:57 2009 
--------------------------------------------------------------------------------

Trace Settings:
-------------------------
Trace Settings 

Peak Memory Usage: 91 MB



