Release 10.1.03 - Bitgen K.39 (lin)
Copyright (c) 1995-2008 Xilinx, Inc.  All rights reserved.
Loading device for application Rf_Device from file '3s500e.nph' in environment
/opt/Xilinx/10.1/ISE.
   "sram_to_arm" is an NCD, version 3.2, device xc3s500e, package pq208, speed
-4

Tue Apr 21 18:46:02 2009

/opt/Xilinx/10.1/ISE/bin/lin/unwrapped/bitgen -l -w -g DebugBitstream:No -g Binary:no -g CRC:Enable -g ConfigRate:1 -g CclkPin:PullUp -g M0Pin:PullUp -g M1Pin:PullUp -g M2Pin:PullUp -g ProgPin:PullUp -g DonePin:PullUp -g TckPin:PullUp -g TdiPin:PullUp -g TdoPin:PullUp -g TmsPin:PullUp -g UnusedPin:PullDown -g UserID:0xFFFFFFFF -g DCMShutdown:Disable -g DCIUpdateMode:AsRequired -g StartUpClk:CClk -g DONE_cycle:4 -g GTS_cycle:5 -g GWE_cycle:6 -g LCK_cycle:NoWait -g Security:None -m -g ReadBack -g DonePipe:No -g DriveDone:Yes project_r.ncd 

INFO:Bitgen:275 - Spartan-3E devices do not support bitstream readback of the
   Blockram resources in the -4C speedgrade.  If Blockram readback functionality
   is desired, it is suggested to target the -5C or -4I speedgrades.
Summary of Bitgen Options:
+----------------------+----------------------+
| Option Name          | Current Setting      |
+----------------------+----------------------+
| Compress             | (Not Specified)*     |
+----------------------+----------------------+
| Readback             | (Enabled)            |
+----------------------+----------------------+
| CRC                  | Enable**             |
+----------------------+----------------------+
| DebugBitstream       | No**                 |
+----------------------+----------------------+
| ConfigRate           | 1**                  |
+----------------------+----------------------+
| StartupClk           | Cclk**               |
+----------------------+----------------------+
| DCMShutdown          | Disable**            |
+----------------------+----------------------+
| DonePin              | Pullup**             |
+----------------------+----------------------+
| ProgPin              | Pullup**             |
+----------------------+----------------------+
| TckPin               | Pullup**             |
+----------------------+----------------------+
| TdiPin               | Pullup**             |
+----------------------+----------------------+
| TdoPin               | Pullup**             |
+----------------------+----------------------+
| TmsPin               | Pullup**             |
+----------------------+----------------------+
| UnusedPin            | Pulldown**           |
+----------------------+----------------------+
| GWE_cycle            | 6**                  |
+----------------------+----------------------+
| GTS_cycle            | 5**                  |
+----------------------+----------------------+
| LCK_cycle            | NoWait**             |
+----------------------+----------------------+
| DONE_cycle           | 4**                  |
+----------------------+----------------------+
| Persist              | No*                  |
+----------------------+----------------------+
| DriveDone            | Yes                  |
+----------------------+----------------------+
| DonePipe             | No**                 |
+----------------------+----------------------+
| Security             | None**               |
+----------------------+----------------------+
| UserID               | 0xFFFFFFFF**         |
+----------------------+----------------------+
| MultiBootMode        | No*                  |
+----------------------+----------------------+
| ActivateGclk         | No*                  |
+----------------------+----------------------+
| ActiveReconfig       | No*                  |
+----------------------+----------------------+
| PartialMask0         | (Not Specified)*     |
+----------------------+----------------------+
| PartialMask1         | (Not Specified)*     |
+----------------------+----------------------+
| PartialMask2         | (Not Specified)*     |
+----------------------+----------------------+
| PartialGclk          | (Not Specified)*     |
+----------------------+----------------------+
| PartialLeft          | (Not Specified)*     |
+----------------------+----------------------+
| PartialRight         | (Not Specified)*     |
+----------------------+----------------------+
| IEEE1532             | No*                  |
+----------------------+----------------------+
| Binary               | No**                 |
+----------------------+----------------------+
 *  Default setting.
 ** The specified setting matches the default setting.

Running DRC.
DRC detected 0 errors and 0 warnings.  Please see the previously displayed
individual error or warning messages for more details.
Saving ll file in "project_r.ll".
Creating bit map...
Saving bit stream in "project_r.bit".
Saving Readback bit file project_r.rbb.
Saving Readback golden data file project_r.rbd.
Saving mask data in "project_r.msd".
Creating bit mask...
Saving mask bit stream in "project_r.msk".
Bitstream generation is complete.
